[35m[1mScanning dependencies of target std_msgs_generate_messages_py[0m
[35m[1mScanning dependencies of target _yolov3_pytorch_ros_generate_messages_check_deps_BoundingBox[0m
[35m[1mScanning dependencies of target geometry_msgs_generate_messages_py[0m
[35m[1mScanning dependencies of target sensor_msgs_generate_messages_py[0m
[35m[1mScanning dependencies of target std_msgs_generate_messages_cpp[0m
[35m[1mScanning dependencies of target sensor_msgs_generate_messages_cpp[0m
[35m[1mScanning dependencies of target geometry_msgs_generate_messages_cpp[0m
[35m[1mScanning dependencies of target _yolov3_pytorch_ros_generate_messages_check_deps_BoundingBoxes[0m
[35m[1mScanning dependencies of target std_msgs_generate_messages_eus[0m
[35m[1mScanning dependencies of target geometry_msgs_generate_messages_eus[0m
[35m[1mScanning dependencies of target std_msgs_generate_messages_lisp[0m
[35m[1mScanning dependencies of target sensor_msgs_generate_messages_eus[0m
[  0%] Built target std_msgs_generate_messages_py
[  0%] Built target geometry_msgs_generate_messages_cpp
[  0%] Built target std_msgs_generate_messages_cpp
[  0%] Built target sensor_msgs_generate_messages_py
[  0%] Built target geometry_msgs_generate_messages_py
[  0%] Built target sensor_msgs_generate_messages_cpp
[  0%] Built target std_msgs_generate_messages_eus
[  0%] Built target std_msgs_generate_messages_lisp
[  0%] Built target geometry_msgs_generate_messages_eus
[  0%] Built target sensor_msgs_generate_messages_eus
[35m[1mScanning dependencies of target geometry_msgs_generate_messages_lisp[0m
[35m[1mScanning dependencies of target sensor_msgs_generate_messages_lisp[0m
[35m[1mScanning dependencies of target sensor_msgs_generate_messages_nodejs[0m
[35m[1mScanning dependencies of target geometry_msgs_generate_messages_nodejs[0m
[35m[1mScanning dependencies of target std_msgs_generate_messages_nodejs[0m
[  0%] Built target sensor_msgs_generate_messages_lisp
[  0%] Built target geometry_msgs_generate_messages_lisp
[  0%] Built target sensor_msgs_generate_messages_nodejs
[  0%] Built target _yolov3_pytorch_ros_generate_messages_check_deps_BoundingBoxes
[  0%] Built target std_msgs_generate_messages_nodejs
[  0%] Built target geometry_msgs_generate_messages_nodejs
[  0%] Built target _yolov3_pytorch_ros_generate_messages_check_deps_BoundingBox
[35m[1mScanning dependencies of target yolov3_pytorch_ros_generate_messages_eus[0m
[35m[1mScanning dependencies of target yolov3_pytorch_ros_generate_messages_cpp[0m
[35m[1mScanning dependencies of target yolov3_pytorch_ros_generate_messages_py[0m
[35m[1mScanning dependencies of target yolov3_pytorch_ros_generate_messages_lisp[0m
[35m[1mScanning dependencies of target yolov3_pytorch_ros_generate_messages_nodejs[0m
[  8%] [34m[1mGenerating C++ code from yolov3_pytorch_ros/BoundingBoxes.msg[0m
[ 25%] [34m[1mGenerating EusLisp code from yolov3_pytorch_ros/BoundingBoxes.msg[0m
[ 25%] [34m[1mGenerating Python from MSG yolov3_pytorch_ros/BoundingBoxes[0m
[ 50%] [34m[1mGenerating EusLisp manifest code for yolov3_pytorch_ros[0m
[ 58%] [34m[1mGenerating EusLisp code from yolov3_pytorch_ros/BoundingBox.msg[0m
[ 58%] [34m[1mGenerating Python from MSG yolov3_pytorch_ros/BoundingBox[0m
[ 58%] [34m[1mGenerating C++ code from yolov3_pytorch_ros/BoundingBox.msg[0m
[ 66%] [34m[1mGenerating Javascript code from yolov3_pytorch_ros/BoundingBox.msg[0m
[ 75%] [34m[1mGenerating Lisp code from yolov3_pytorch_ros/BoundingBoxes.msg[0m
[ 83%] [34m[1mGenerating Javascript code from yolov3_pytorch_ros/BoundingBoxes.msg[0m
[ 91%] [34m[1mGenerating Lisp code from yolov3_pytorch_ros/BoundingBox.msg[0m
[ 91%] Built target yolov3_pytorch_ros_generate_messages_lisp
[ 91%] Built target yolov3_pytorch_ros_generate_messages_nodejs
[100%] [34m[1mGenerating Python msg __init__.py for yolov3_pytorch_ros[0m
[100%] Built target yolov3_pytorch_ros_generate_messages_cpp
[100%] Built target yolov3_pytorch_ros_generate_messages_py
[100%] Built target yolov3_pytorch_ros_generate_messages_eus
[35m[1mScanning dependencies of target yolov3_pytorch_ros_generate_messages[0m
[100%] Built target yolov3_pytorch_ros_generate_messages
