In file included from [01m[K/opt/ros/melodic/include/librealsense2/hpp/rs_sensor.hpp:8:0[m[K,
                 from [01m[K/opt/ros/melodic/include/librealsense2/hpp/rs_device.hpp:8[m[K,
                 from [01m[K/opt/ros/melodic/include/librealsense2/hpp/rs_record_playback.hpp:8[m[K,
                 from [01m[K/opt/ros/melodic/include/librealsense2/hpp/rs_context.hpp:8[m[K,
                 from [01m[K/opt/ros/melodic/include/librealsense2/rs.hpp:9[m[K,
                 from [01m[K/home/james/catkin_ws/src/realsense-ros/realsense2_camera/include/../include/realsense_node_factory.h:11[m[K,
                 from [01m[K/home/james/catkin_ws/src/realsense-ros/realsense2_camera/include/base_realsense_node.h:6[m[K,
                 from [01m[K/home/james/catkin_ws/src/realsense-ros/realsense2_camera/src/../include/t265_realsense_node.h:3[m[K,
                 from [01m[K/home/james/catkin_ws/src/realsense-ros/realsense2_camera/src/t265_realsense_node.cpp:1[m[K:
[01m[K/opt/ros/melodic/include/librealsense2/hpp/rs_frame.hpp:[m[K In lambda function:
[01m[K/opt/ros/melodic/include/librealsense2/hpp/rs_frame.hpp:1020:58:[m[K [01;35m[Kwarning: [m[Kcomparison between signed and unsigned integer expressions [[01;35m[K-Wsign-compare[m[K]
                         [01;35m[Kfrm.get_profile().stream_index() == index[m[K) f = frm;
                         [01;35m[K~~~~~~~~~~~~~~~~~~~~~~~~~~~~~~~~~^~~~~~~~[m[K
[01m[K/opt/ros/melodic/include/librealsense2/hpp/rs_frame.hpp:[m[K In lambda function:
[01m[K/opt/ros/melodic/include/librealsense2/hpp/rs_frame.hpp:1042:58:[m[K [01;35m[Kwarning: [m[Kcomparison between signed and unsigned integer expressions [[01;35m[K-Wsign-compare[m[K]
                         [01;35m[Kfrm.get_profile().stream_index() == index[m[K) f = frm;
                         [01;35m[K~~~~~~~~~~~~~~~~~~~~~~~~~~~~~~~~~^~~~~~~~[m[K
[01m[K/opt/ros/melodic/include/librealsense2/hpp/rs_frame.hpp:[m[K In lambda function:
[01m[K/opt/ros/melodic/include/librealsense2/hpp/rs_frame.hpp:1064:58:[m[K [01;35m[Kwarning: [m[Kcomparison between signed and unsigned integer expressions [[01;35m[K-Wsign-compare[m[K]
                         [01;35m[Kfrm.get_profile().stream_index() == index[m[K) f = frm;
                         [01;35m[K~~~~~~~~~~~~~~~~~~~~~~~~~~~~~~~~~^~~~~~~~[m[K
In file included from [01m[K/opt/ros/melodic/include/librealsense2/hpp/rs_sensor.hpp:8:0[m[K,
                 from [01m[K/opt/ros/melodic/include/librealsense2/hpp/rs_device.hpp:8[m[K,
                 from [01m[K/opt/ros/melodic/include/librealsense2/hpp/rs_record_playback.hpp:8[m[K,
                 from [01m[K/opt/ros/melodic/include/librealsense2/hpp/rs_context.hpp:8[m[K,
                 from [01m[K/opt/ros/melodic/include/librealsense2/rs.hpp:9[m[K,
                 from [01m[K/home/james/catkin_ws/src/realsense-ros/realsense2_camera/src/../include/realsense_node_factory.h:11[m[K,
                 from [01m[K/home/james/catkin_ws/src/realsense-ros/realsense2_camera/src/realsense_node_factory.cpp:4[m[K:
[01m[K/opt/ros/melodic/include/librealsense2/hpp/rs_frame.hpp:[m[K In lambda function:
[01m[K/opt/ros/melodic/include/librealsense2/hpp/rs_frame.hpp:1020:58:[m[K [01;35m[Kwarning: [m[Kcomparison between signed and unsigned integer expressions [[01;35m[K-Wsign-compare[m[K]
                         [01;35m[Kfrm.get_profile().stream_index() == index[m[K) f = frm;
                         [01;35m[K~~~~~~~~~~~~~~~~~~~~~~~~~~~~~~~~~^~~~~~~~[m[K
[01m[K/opt/ros/melodic/include/librealsense2/hpp/rs_frame.hpp:[m[K In lambda function:
[01m[K/opt/ros/melodic/include/librealsense2/hpp/rs_frame.hpp:1042:58:[m[K [01;35m[Kwarning: [m[Kcomparison between signed and unsigned integer expressions [[01;35m[K-Wsign-compare[m[K]
                         [01;35m[Kfrm.get_profile().stream_index() == index[m[K) f = frm;
                         [01;35m[K~~~~~~~~~~~~~~~~~~~~~~~~~~~~~~~~~^~~~~~~~[m[K
[01m[K/opt/ros/melodic/include/librealsense2/hpp/rs_frame.hpp:[m[K In lambda function:
[01m[K/opt/ros/melodic/include/librealsense2/hpp/rs_frame.hpp:1064:58:[m[K [01;35m[Kwarning: [m[Kcomparison between signed and unsigned integer expressions [[01;35m[K-Wsign-compare[m[K]
                         [01;35m[Kfrm.get_profile().stream_index() == index[m[K) f = frm;
                         [01;35m[K~~~~~~~~~~~~~~~~~~~~~~~~~~~~~~~~~^~~~~~~~[m[K
In file included from [01m[K/opt/ros/melodic/include/librealsense2/hpp/rs_sensor.hpp:8:0[m[K,
                 from [01m[K/opt/ros/melodic/include/librealsense2/hpp/rs_device.hpp:8[m[K,
                 from [01m[K/opt/ros/melodic/include/librealsense2/hpp/rs_record_playback.hpp:8[m[K,
                 from [01m[K/opt/ros/melodic/include/librealsense2/hpp/rs_context.hpp:8[m[K,
                 from [01m[K/opt/ros/melodic/include/librealsense2/rs.hpp:9[m[K,
                 from [01m[K/home/james/catkin_ws/src/realsense-ros/realsense2_camera/src/../include/../include/realsense_node_factory.h:11[m[K,
                 from [01m[K/home/james/catkin_ws/src/realsense-ros/realsense2_camera/src/../include/base_realsense_node.h:6[m[K,
                 from [01m[K/home/james/catkin_ws/src/realsense-ros/realsense2_camera/src/base_realsense_node.cpp:1[m[K:
[01m[K/opt/ros/melodic/include/librealsense2/hpp/rs_frame.hpp:[m[K In lambda function:
[01m[K/opt/ros/melodic/include/librealsense2/hpp/rs_frame.hpp:1020:58:[m[K [01;35m[Kwarning: [m[Kcomparison between signed and unsigned integer expressions [[01;35m[K-Wsign-compare[m[K]
                         [01;35m[Kfrm.get_profile().stream_index() == index[m[K) f = frm;
                         [01;35m[K~~~~~~~~~~~~~~~~~~~~~~~~~~~~~~~~~^~~~~~~~[m[K
[01m[K/opt/ros/melodic/include/librealsense2/hpp/rs_frame.hpp:[m[K In lambda function:
[01m[K/opt/ros/melodic/include/librealsense2/hpp/rs_frame.hpp:1042:58:[m[K [01;35m[Kwarning: [m[Kcomparison between signed and unsigned integer expressions [[01;35m[K-Wsign-compare[m[K]
                         [01;35m[Kfrm.get_profile().stream_index() == index[m[K) f = frm;
                         [01;35m[K~~~~~~~~~~~~~~~~~~~~~~~~~~~~~~~~~^~~~~~~~[m[K
[01m[K/opt/ros/melodic/include/librealsense2/hpp/rs_frame.hpp:[m[K In lambda function:
[01m[K/opt/ros/melodic/include/librealsense2/hpp/rs_frame.hpp:1064:58:[m[K [01;35m[Kwarning: [m[Kcomparison between signed and unsigned integer expressions [[01;35m[K-Wsign-compare[m[K]
                         [01;35m[Kfrm.get_profile().stream_index() == index[m[K) f = frm;
                         [01;35m[K~~~~~~~~~~~~~~~~~~~~~~~~~~~~~~~~~^~~~~~~~[m[K
In file included from [01m[K/home/james/catkin_ws/src/realsense-ros/realsense2_camera/include/../include/realsense_node_factory.h:12:0[m[K,
                 from [01m[K/home/james/catkin_ws/src/realsense-ros/realsense2_camera/include/base_realsense_node.h:6[m[K,
                 from [01m[K/home/james/catkin_ws/src/realsense-ros/realsense2_camera/src/../include/t265_realsense_node.h:3[m[K,
                 from [01m[K/home/james/catkin_ws/src/realsense-ros/realsense2_camera/src/t265_realsense_node.cpp:1[m[K:
[01m[K/opt/ros/melodic/include/librealsense2/rsutil.h:[m[K At global scope:
[01m[K/opt/ros/melodic/include/librealsense2/rsutil.h:186:13:[m[K [01;35m[Kwarning: [m[K‘[01m[Kvoid rs2_project_color_pixel_to_depth_pixel(float*, const uint16_t*, float, float, float, const rs2_intrinsics*, const rs2_intrinsics*, const rs2_extrinsics*, const rs2_extrinsics*, const float*)[m[K’ defined but not used [[01;35m[K-Wunused-function[m[K]
 static void [01;35m[Krs2_project_color_pixel_to_depth_pixel[m[K(float to_pixel[2],
             [01;35m[K^~~~~~~~~~~~~~~~~~~~~~~~~~~~~~~~~~~~~~[m[K
[01m[K/opt/ros/melodic/include/librealsense2/rsutil.h:150:13:[m[K [01;35m[Kwarning: [m[K‘[01m[Kvoid rs2_fov(const rs2_intrinsics*, float*)[m[K’ defined but not used [[01;35m[K-Wunused-function[m[K]
 static void [01;35m[Krs2_fov[m[K(const struct rs2_intrinsics * intrin, float to_fov[2])
             [01;35m[K^~~~~~~[m[K
In file included from [01m[K/home/james/catkin_ws/src/realsense-ros/realsense2_camera/src/../include/realsense_node_factory.h:12:0[m[K,
                 from [01m[K/home/james/catkin_ws/src/realsense-ros/realsense2_camera/src/realsense_node_factory.cpp:4[m[K:
[01m[K/opt/ros/melodic/include/librealsense2/rsutil.h:[m[K At global scope:
[01m[K/opt/ros/melodic/include/librealsense2/rsutil.h:186:13:[m[K [01;35m[Kwarning: [m[K‘[01m[Kvoid rs2_project_color_pixel_to_depth_pixel(float*, const uint16_t*, float, float, float, const rs2_intrinsics*, const rs2_intrinsics*, const rs2_extrinsics*, const rs2_extrinsics*, const float*)[m[K’ defined but not used [[01;35m[K-Wunused-function[m[K]
 static void [01;35m[Krs2_project_color_pixel_to_depth_pixel[m[K(float to_pixel[2],
             [01;35m[K^~~~~~~~~~~~~~~~~~~~~~~~~~~~~~~~~~~~~~[m[K
[01m[K/opt/ros/melodic/include/librealsense2/rsutil.h:150:13:[m[K [01;35m[Kwarning: [m[K‘[01m[Kvoid rs2_fov(const rs2_intrinsics*, float*)[m[K’ defined but not used [[01;35m[K-Wunused-function[m[K]
 static void [01;35m[Krs2_fov[m[K(const struct rs2_intrinsics * intrin, float to_fov[2])
             [01;35m[K^~~~~~~[m[K
In file included from [01m[K/home/james/catkin_ws/src/realsense-ros/realsense2_camera/src/../include/../include/realsense_node_factory.h:12:0[m[K,
                 from [01m[K/home/james/catkin_ws/src/realsense-ros/realsense2_camera/src/../include/base_realsense_node.h:6[m[K,
                 from [01m[K/home/james/catkin_ws/src/realsense-ros/realsense2_camera/src/base_realsense_node.cpp:1[m[K:
[01m[K/opt/ros/melodic/include/librealsense2/rsutil.h:[m[K At global scope:
[01m[K/opt/ros/melodic/include/librealsense2/rsutil.h:186:13:[m[K [01;35m[Kwarning: [m[K‘[01m[Kvoid rs2_project_color_pixel_to_depth_pixel(float*, const uint16_t*, float, float, float, const rs2_intrinsics*, const rs2_intrinsics*, const rs2_extrinsics*, const rs2_extrinsics*, const float*)[m[K’ defined but not used [[01;35m[K-Wunused-function[m[K]
 static void [01;35m[Krs2_project_color_pixel_to_depth_pixel[m[K(float to_pixel[2],
             [01;35m[K^~~~~~~~~~~~~~~~~~~~~~~~~~~~~~~~~~~~~~[m[K
[01m[K/opt/ros/melodic/include/librealsense2/rsutil.h:150:13:[m[K [01;35m[Kwarning: [m[K‘[01m[Kvoid rs2_fov(const rs2_intrinsics*, float*)[m[K’ defined but not used [[01;35m[K-Wunused-function[m[K]
 static void [01;35m[Krs2_fov[m[K(const struct rs2_intrinsics * intrin, float to_fov[2])
             [01;35m[K^~~~~~~[m[K
