[35m[1mScanning dependencies of target std_msgs_generate_messages_cpp[0m
[35m[1mScanning dependencies of target _realsense2_camera_generate_messages_check_deps_IMUInfo[0m
[35m[1mScanning dependencies of target diagnostic_msgs_generate_messages_eus[0m
[35m[1mScanning dependencies of target actionlib_msgs_generate_messages_lisp[0m
[35m[1mScanning dependencies of target sensor_msgs_generate_messages_cpp[0m
[35m[1mScanning dependencies of target _realsense2_camera_generate_messages_check_deps_Extrinsics[0m
[35m[1mScanning dependencies of target rosgraph_msgs_generate_messages_lisp[0m
[35m[1mScanning dependencies of target actionlib_msgs_generate_messages_py[0m
[35m[1mScanning dependencies of target geometry_msgs_generate_messages_eus[0m
[35m[1mScanning dependencies of target nodelet_generate_messages_lisp[0m
[35m[1mScanning dependencies of target rosgraph_msgs_generate_messages_eus[0m
[35m[1mScanning dependencies of target std_msgs_generate_messages_nodejs[0m
[  0%] Built target actionlib_msgs_generate_messages_py
[  0%] Built target std_msgs_generate_messages_nodejs
[  0%] Built target sensor_msgs_generate_messages_cpp
[  0%] Built target std_msgs_generate_messages_cpp
[  0%] Built target diagnostic_msgs_generate_messages_eus
[  0%] Built target rosgraph_msgs_generate_messages_lisp
[  0%] Built target actionlib_msgs_generate_messages_lisp
[  0%] Built target nodelet_generate_messages_lisp
[  0%] Built target geometry_msgs_generate_messages_eus
[  0%] Built target rosgraph_msgs_generate_messages_eus
[35m[1mScanning dependencies of target roscpp_generate_messages_eus[0m
[35m[1mScanning dependencies of target bond_generate_messages_lisp[0m
[35m[1mScanning dependencies of target roscpp_generate_messages_nodejs[0m
[35m[1mScanning dependencies of target actionlib_msgs_generate_messages_eus[0m
[35m[1mScanning dependencies of target rosgraph_msgs_generate_messages_py[0m
[35m[1mScanning dependencies of target std_msgs_generate_messages_lisp[0m
[35m[1mScanning dependencies of target rosgraph_msgs_generate_messages_nodejs[0m
[35m[1mScanning dependencies of target actionlib_msgs_generate_messages_nodejs[0m
[35m[1mScanning dependencies of target std_msgs_generate_messages_eus[0m
[35m[1mScanning dependencies of target rosgraph_msgs_generate_messages_cpp[0m
[  0%] Built target actionlib_msgs_generate_messages_eus
[  0%] Built target bond_generate_messages_lisp
[  0%] Built target roscpp_generate_messages_eus
[  0%] Built target roscpp_generate_messages_nodejs
[  0%] Built target _realsense2_camera_generate_messages_check_deps_IMUInfo
[  0%] Built target rosgraph_msgs_generate_messages_py
[  0%] Built target std_msgs_generate_messages_lisp
[  0%] Built target rosgraph_msgs_generate_messages_nodejs
[  0%] Built target actionlib_msgs_generate_messages_nodejs
[  0%] Built target std_msgs_generate_messages_eus
[  0%] Built target rosgraph_msgs_generate_messages_cpp
[  0%] Built target _realsense2_camera_generate_messages_check_deps_Extrinsics
[35m[1mScanning dependencies of target _catkin_empty_exported_target[0m
[35m[1mScanning dependencies of target geometry_msgs_generate_messages_nodejs[0m
[35m[1mScanning dependencies of target roscpp_generate_messages_py[0m
[35m[1mScanning dependencies of target roscpp_generate_messages_cpp[0m
[35m[1mScanning dependencies of target actionlib_generate_messages_cpp[0m
[35m[1mScanning dependencies of target sensor_msgs_generate_messages_nodejs[0m
[35m[1mScanning dependencies of target sensor_msgs_generate_messages_eus[0m
[35m[1mScanning dependencies of target geometry_msgs_generate_messages_lisp[0m
[35m[1mScanning dependencies of target sensor_msgs_generate_messages_lisp[0m
[35m[1mScanning dependencies of target roscpp_generate_messages_lisp[0m
[35m[1mScanning dependencies of target nav_msgs_generate_messages_cpp[0m
[35m[1mScanning dependencies of target bond_generate_messages_eus[0m
[  0%] Built target roscpp_generate_messages_py
[  0%] Built target _catkin_empty_exported_target
[  0%] Built target geometry_msgs_generate_messages_nodejs
[  0%] Built target roscpp_generate_messages_cpp
[  0%] Built target actionlib_generate_messages_cpp
[  0%] Built target geometry_msgs_generate_messages_lisp
[  0%] Built target sensor_msgs_generate_messages_eus
[  0%] Built target sensor_msgs_generate_messages_nodejs
[  0%] Built target sensor_msgs_generate_messages_lisp
[  0%] Built target roscpp_generate_messages_lisp
[  0%] Built target bond_generate_messages_eus
[  0%] Built target nav_msgs_generate_messages_cpp
[35m[1mScanning dependencies of target nav_msgs_generate_messages_lisp[0m
[35m[1mScanning dependencies of target nav_msgs_generate_messages_nodejs[0m
[35m[1mScanning dependencies of target dynamic_reconfigure_generate_messages_cpp[0m
[35m[1mScanning dependencies of target sensor_msgs_generate_messages_py[0m
[35m[1mScanning dependencies of target tf_generate_messages_py[0m
[35m[1mScanning dependencies of target geometry_msgs_generate_messages_py[0m
[35m[1mScanning dependencies of target std_msgs_generate_messages_py[0m
[35m[1mScanning dependencies of target nodelet_generate_messages_cpp[0m
[35m[1mScanning dependencies of target nodelet_generate_messages_py[0m
[35m[1mScanning dependencies of target bond_generate_messages_py[0m
[  0%] Built target nav_msgs_generate_messages_lisp
[35m[1mScanning dependencies of target geometry_msgs_generate_messages_cpp[0m
[  0%] Built target nav_msgs_generate_messages_nodejs
[35m[1mScanning dependencies of target actionlib_generate_messages_lisp[0m
[  0%] Built target std_msgs_generate_messages_py
[  0%] Built target dynamic_reconfigure_generate_messages_cpp
[  0%] Built target tf_generate_messages_py
[  0%] Built target geometry_msgs_generate_messages_py
[  0%] Built target nodelet_generate_messages_py
[  0%] Built target nodelet_generate_messages_cpp
[  0%] Built target sensor_msgs_generate_messages_py
[  0%] Built target bond_generate_messages_py
[35m[1mScanning dependencies of target nodelet_generate_messages_eus[0m
[  0%] Built target geometry_msgs_generate_messages_cpp
[  0%] Built target actionlib_generate_messages_lisp
[35m[1mScanning dependencies of target diagnostic_msgs_generate_messages_py[0m
[35m[1mScanning dependencies of target nodelet_generate_messages_nodejs[0m
[35m[1mScanning dependencies of target bond_generate_messages_cpp[0m
[35m[1mScanning dependencies of target actionlib_msgs_generate_messages_cpp[0m
[35m[1mScanning dependencies of target bond_generate_messages_nodejs[0m
[35m[1mScanning dependencies of target tf_generate_messages_eus[0m
[35m[1mScanning dependencies of target actionlib_generate_messages_eus[0m
[35m[1mScanning dependencies of target tf_generate_messages_nodejs[0m
[35m[1mScanning dependencies of target tf_generate_messages_lisp[0m
[35m[1mScanning dependencies of target diagnostic_msgs_generate_messages_cpp[0m
[  0%] Built target nodelet_generate_messages_eus
[35m[1mScanning dependencies of target tf_generate_messages_cpp[0m
[  0%] Built target nodelet_generate_messages_nodejs
[  0%] Built target diagnostic_msgs_generate_messages_py
[  0%] Built target bond_generate_messages_cpp
[  0%] Built target actionlib_msgs_generate_messages_cpp
[  0%] Built target tf_generate_messages_eus
[  0%] Built target bond_generate_messages_nodejs
[  0%] Built target actionlib_generate_messages_eus
[  0%] Built target tf_generate_messages_nodejs
[  0%] Built target tf_generate_messages_lisp
[35m[1mScanning dependencies of target actionlib_generate_messages_nodejs[0m
[35m[1mScanning dependencies of target nav_msgs_generate_messages_eus[0m
[  0%] Built target diagnostic_msgs_generate_messages_cpp
[  0%] Built target tf_generate_messages_cpp
[35m[1mScanning dependencies of target tf2_msgs_generate_messages_cpp[0m
[35m[1mScanning dependencies of target tf2_msgs_generate_messages_nodejs[0m
[35m[1mScanning dependencies of target actionlib_generate_messages_py[0m
[35m[1mScanning dependencies of target tf2_msgs_generate_messages_eus[0m
[35m[1mScanning dependencies of target tf2_msgs_generate_messages_py[0m
[35m[1mScanning dependencies of target diagnostic_msgs_generate_messages_lisp[0m
[35m[1mScanning dependencies of target dynamic_reconfigure_generate_messages_eus[0m
[35m[1mScanning dependencies of target dynamic_reconfigure_generate_messages_lisp[0m
[  0%] Built target nav_msgs_generate_messages_eus
[  0%] Built target actionlib_generate_messages_nodejs
[35m[1mScanning dependencies of target dynamic_reconfigure_generate_messages_nodejs[0m
[  0%] Built target tf2_msgs_generate_messages_cpp
[35m[1mScanning dependencies of target dynamic_reconfigure_generate_messages_py[0m
[  0%] Built target tf2_msgs_generate_messages_nodejs
[  0%] Built target actionlib_generate_messages_py
[  0%] Built target tf2_msgs_generate_messages_eus
[  0%] Built target tf2_msgs_generate_messages_py
[  0%] Built target dynamic_reconfigure_generate_messages_eus
[  0%] Built target diagnostic_msgs_generate_messages_lisp
[35m[1mScanning dependencies of target tf2_msgs_generate_messages_lisp[0m
[  0%] Built target dynamic_reconfigure_generate_messages_lisp
[35m[1mScanning dependencies of target diagnostic_msgs_generate_messages_nodejs[0m
[  0%] Built target dynamic_reconfigure_generate_messages_py
[35m[1mScanning dependencies of target nav_msgs_generate_messages_py[0m
[  0%] Built target dynamic_reconfigure_generate_messages_nodejs
[35m[1mScanning dependencies of target dynamic_reconfigure_gencfg[0m
[35m[1mScanning dependencies of target realsense2_camera_generate_messages_py[0m
[35m[1mScanning dependencies of target realsense2_camera_generate_messages_nodejs[0m
[35m[1mScanning dependencies of target realsense2_camera_generate_messages_eus[0m
[35m[1mScanning dependencies of target realsense2_camera_generate_messages_lisp[0m
[  0%] Built target tf2_msgs_generate_messages_lisp
[35m[1mScanning dependencies of target realsense2_camera_generate_messages_cpp[0m
[  0%] Built target diagnostic_msgs_generate_messages_nodejs
[  6%] [34m[1mGenerating Python from MSG realsense2_camera/IMUInfo[0m
[ 12%] [34m[1mGenerating Python from MSG realsense2_camera/Extrinsics[0m
[ 12%] Built target nav_msgs_generate_messages_py
[ 12%] Built target dynamic_reconfigure_gencfg
[ 25%] [34m[1mGenerating Javascript code from realsense2_camera/IMUInfo.msg[0m
[ 25%] [34m[1mGenerating Javascript code from realsense2_camera/Extrinsics.msg[0m
[ 31%] [34m[1mGenerating EusLisp code from realsense2_camera/IMUInfo.msg[0m
[ 37%] [34m[1mGenerating Lisp code from realsense2_camera/Extrinsics.msg[0m
[ 43%] [34m[1mGenerating C++ code from realsense2_camera/IMUInfo.msg[0m
[ 50%] [34m[1mGenerating EusLisp manifest code for realsense2_camera[0m
[ 56%] [34m[1mGenerating Lisp code from realsense2_camera/IMUInfo.msg[0m
[ 62%] [34m[1mGenerating EusLisp code from realsense2_camera/Extrinsics.msg[0m
[ 68%] [34m[1mGenerating C++ code from realsense2_camera/Extrinsics.msg[0m
[ 68%] Built target realsense2_camera_generate_messages_nodejs
[ 68%] Built target realsense2_camera_generate_messages_lisp
[ 75%] [34m[1mGenerating Python msg __init__.py for realsense2_camera[0m
[ 75%] Built target realsense2_camera_generate_messages_cpp
[35m[1mScanning dependencies of target realsense2_camera[0m
[ 75%] Built target realsense2_camera_generate_messages_py
[ 87%] [32mBuilding CXX object CMakeFiles/realsense2_camera.dir/src/realsense_node_factory.cpp.o[0m
[ 87%] [32mBuilding CXX object CMakeFiles/realsense2_camera.dir/src/t265_realsense_node.cpp.o[0m
[ 93%] [32mBuilding CXX object CMakeFiles/realsense2_camera.dir/src/base_realsense_node.cpp.o[0m
[ 93%] Built target realsense2_camera_generate_messages_eus
[35m[1mScanning dependencies of target realsense2_camera_generate_messages[0m
[ 93%] Built target realsense2_camera_generate_messages
In file included from [01m[K/opt/ros/melodic/include/librealsense2/hpp/rs_sensor.hpp:8:0[m[K,
                 from [01m[K/opt/ros/melodic/include/librealsense2/hpp/rs_device.hpp:8[m[K,
                 from [01m[K/opt/ros/melodic/include/librealsense2/hpp/rs_record_playback.hpp:8[m[K,
                 from [01m[K/opt/ros/melodic/include/librealsense2/hpp/rs_context.hpp:8[m[K,
                 from [01m[K/opt/ros/melodic/include/librealsense2/rs.hpp:9[m[K,
                 from [01m[K/home/james/catkin_ws/src/realsense-ros/realsense2_camera/include/../include/realsense_node_factory.h:11[m[K,
                 from [01m[K/home/james/catkin_ws/src/realsense-ros/realsense2_camera/include/base_realsense_node.h:6[m[K,
                 from [01m[K/home/james/catkin_ws/src/realsense-ros/realsense2_camera/src/../include/t265_realsense_node.h:3[m[K,
                 from [01m[K/home/james/catkin_ws/src/realsense-ros/realsense2_camera/src/t265_realsense_node.cpp:1[m[K:
[01m[K/opt/ros/melodic/include/librealsense2/hpp/rs_frame.hpp:[m[K In lambda function:
[01m[K/opt/ros/melodic/include/librealsense2/hpp/rs_frame.hpp:1020:58:[m[K [01;35m[Kwarning: [m[Kcomparison between signed and unsigned integer expressions [[01;35m[K-Wsign-compare[m[K]
                         [01;35m[Kfrm.get_profile().stream_index() == index[m[K) f = frm;
                         [01;35m[K~~~~~~~~~~~~~~~~~~~~~~~~~~~~~~~~~^~~~~~~~[m[K
[01m[K/opt/ros/melodic/include/librealsense2/hpp/rs_frame.hpp:[m[K In lambda function:
[01m[K/opt/ros/melodic/include/librealsense2/hpp/rs_frame.hpp:1042:58:[m[K [01;35m[Kwarning: [m[Kcomparison between signed and unsigned integer expressions [[01;35m[K-Wsign-compare[m[K]
                         [01;35m[Kfrm.get_profile().stream_index() == index[m[K) f = frm;
                         [01;35m[K~~~~~~~~~~~~~~~~~~~~~~~~~~~~~~~~~^~~~~~~~[m[K
[01m[K/opt/ros/melodic/include/librealsense2/hpp/rs_frame.hpp:[m[K In lambda function:
[01m[K/opt/ros/melodic/include/librealsense2/hpp/rs_frame.hpp:1064:58:[m[K [01;35m[Kwarning: [m[Kcomparison between signed and unsigned integer expressions [[01;35m[K-Wsign-compare[m[K]
                         [01;35m[Kfrm.get_profile().stream_index() == index[m[K) f = frm;
                         [01;35m[K~~~~~~~~~~~~~~~~~~~~~~~~~~~~~~~~~^~~~~~~~[m[K
In file included from [01m[K/opt/ros/melodic/include/librealsense2/hpp/rs_sensor.hpp:8:0[m[K,
                 from [01m[K/opt/ros/melodic/include/librealsense2/hpp/rs_device.hpp:8[m[K,
                 from [01m[K/opt/ros/melodic/include/librealsense2/hpp/rs_record_playback.hpp:8[m[K,
                 from [01m[K/opt/ros/melodic/include/librealsense2/hpp/rs_context.hpp:8[m[K,
                 from [01m[K/opt/ros/melodic/include/librealsense2/rs.hpp:9[m[K,
                 from [01m[K/home/james/catkin_ws/src/realsense-ros/realsense2_camera/src/../include/realsense_node_factory.h:11[m[K,
                 from [01m[K/home/james/catkin_ws/src/realsense-ros/realsense2_camera/src/realsense_node_factory.cpp:4[m[K:
[01m[K/opt/ros/melodic/include/librealsense2/hpp/rs_frame.hpp:[m[K In lambda function:
[01m[K/opt/ros/melodic/include/librealsense2/hpp/rs_frame.hpp:1020:58:[m[K [01;35m[Kwarning: [m[Kcomparison between signed and unsigned integer expressions [[01;35m[K-Wsign-compare[m[K]
                         [01;35m[Kfrm.get_profile().stream_index() == index[m[K) f = frm;
                         [01;35m[K~~~~~~~~~~~~~~~~~~~~~~~~~~~~~~~~~^~~~~~~~[m[K
[01m[K/opt/ros/melodic/include/librealsense2/hpp/rs_frame.hpp:[m[K In lambda function:
[01m[K/opt/ros/melodic/include/librealsense2/hpp/rs_frame.hpp:1042:58:[m[K [01;35m[Kwarning: [m[Kcomparison between signed and unsigned integer expressions [[01;35m[K-Wsign-compare[m[K]
                         [01;35m[Kfrm.get_profile().stream_index() == index[m[K) f = frm;
                         [01;35m[K~~~~~~~~~~~~~~~~~~~~~~~~~~~~~~~~~^~~~~~~~[m[K
[01m[K/opt/ros/melodic/include/librealsense2/hpp/rs_frame.hpp:[m[K In lambda function:
[01m[K/opt/ros/melodic/include/librealsense2/hpp/rs_frame.hpp:1064:58:[m[K [01;35m[Kwarning: [m[Kcomparison between signed and unsigned integer expressions [[01;35m[K-Wsign-compare[m[K]
                         [01;35m[Kfrm.get_profile().stream_index() == index[m[K) f = frm;
                         [01;35m[K~~~~~~~~~~~~~~~~~~~~~~~~~~~~~~~~~^~~~~~~~[m[K
In file included from [01m[K/opt/ros/melodic/include/librealsense2/hpp/rs_sensor.hpp:8:0[m[K,
                 from [01m[K/opt/ros/melodic/include/librealsense2/hpp/rs_device.hpp:8[m[K,
                 from [01m[K/opt/ros/melodic/include/librealsense2/hpp/rs_record_playback.hpp:8[m[K,
                 from [01m[K/opt/ros/melodic/include/librealsense2/hpp/rs_context.hpp:8[m[K,
                 from [01m[K/opt/ros/melodic/include/librealsense2/rs.hpp:9[m[K,
                 from [01m[K/home/james/catkin_ws/src/realsense-ros/realsense2_camera/src/../include/../include/realsense_node_factory.h:11[m[K,
                 from [01m[K/home/james/catkin_ws/src/realsense-ros/realsense2_camera/src/../include/base_realsense_node.h:6[m[K,
                 from [01m[K/home/james/catkin_ws/src/realsense-ros/realsense2_camera/src/base_realsense_node.cpp:1[m[K:
[01m[K/opt/ros/melodic/include/librealsense2/hpp/rs_frame.hpp:[m[K In lambda function:
[01m[K/opt/ros/melodic/include/librealsense2/hpp/rs_frame.hpp:1020:58:[m[K [01;35m[Kwarning: [m[Kcomparison between signed and unsigned integer expressions [[01;35m[K-Wsign-compare[m[K]
                         [01;35m[Kfrm.get_profile().stream_index() == index[m[K) f = frm;
                         [01;35m[K~~~~~~~~~~~~~~~~~~~~~~~~~~~~~~~~~^~~~~~~~[m[K
[01m[K/opt/ros/melodic/include/librealsense2/hpp/rs_frame.hpp:[m[K In lambda function:
[01m[K/opt/ros/melodic/include/librealsense2/hpp/rs_frame.hpp:1042:58:[m[K [01;35m[Kwarning: [m[Kcomparison between signed and unsigned integer expressions [[01;35m[K-Wsign-compare[m[K]
                         [01;35m[Kfrm.get_profile().stream_index() == index[m[K) f = frm;
                         [01;35m[K~~~~~~~~~~~~~~~~~~~~~~~~~~~~~~~~~^~~~~~~~[m[K
[01m[K/opt/ros/melodic/include/librealsense2/hpp/rs_frame.hpp:[m[K In lambda function:
[01m[K/opt/ros/melodic/include/librealsense2/hpp/rs_frame.hpp:1064:58:[m[K [01;35m[Kwarning: [m[Kcomparison between signed and unsigned integer expressions [[01;35m[K-Wsign-compare[m[K]
                         [01;35m[Kfrm.get_profile().stream_index() == index[m[K) f = frm;
                         [01;35m[K~~~~~~~~~~~~~~~~~~~~~~~~~~~~~~~~~^~~~~~~~[m[K
In file included from [01m[K/home/james/catkin_ws/src/realsense-ros/realsense2_camera/include/../include/realsense_node_factory.h:12:0[m[K,
                 from [01m[K/home/james/catkin_ws/src/realsense-ros/realsense2_camera/include/base_realsense_node.h:6[m[K,
                 from [01m[K/home/james/catkin_ws/src/realsense-ros/realsense2_camera/src/../include/t265_realsense_node.h:3[m[K,
                 from [01m[K/home/james/catkin_ws/src/realsense-ros/realsense2_camera/src/t265_realsense_node.cpp:1[m[K:
[01m[K/opt/ros/melodic/include/librealsense2/rsutil.h:[m[K At global scope:
[01m[K/opt/ros/melodic/include/librealsense2/rsutil.h:186:13:[m[K [01;35m[Kwarning: [m[K‘[01m[Kvoid rs2_project_color_pixel_to_depth_pixel(float*, const uint16_t*, float, float, float, const rs2_intrinsics*, const rs2_intrinsics*, const rs2_extrinsics*, const rs2_extrinsics*, const float*)[m[K’ defined but not used [[01;35m[K-Wunused-function[m[K]
 static void [01;35m[Krs2_project_color_pixel_to_depth_pixel[m[K(float to_pixel[2],
             [01;35m[K^~~~~~~~~~~~~~~~~~~~~~~~~~~~~~~~~~~~~~[m[K
[01m[K/opt/ros/melodic/include/librealsense2/rsutil.h:150:13:[m[K [01;35m[Kwarning: [m[K‘[01m[Kvoid rs2_fov(const rs2_intrinsics*, float*)[m[K’ defined but not used [[01;35m[K-Wunused-function[m[K]
 static void [01;35m[Krs2_fov[m[K(const struct rs2_intrinsics * intrin, float to_fov[2])
             [01;35m[K^~~~~~~[m[K
In file included from [01m[K/home/james/catkin_ws/src/realsense-ros/realsense2_camera/src/../include/realsense_node_factory.h:12:0[m[K,
                 from [01m[K/home/james/catkin_ws/src/realsense-ros/realsense2_camera/src/realsense_node_factory.cpp:4[m[K:
[01m[K/opt/ros/melodic/include/librealsense2/rsutil.h:[m[K At global scope:
[01m[K/opt/ros/melodic/include/librealsense2/rsutil.h:186:13:[m[K [01;35m[Kwarning: [m[K‘[01m[Kvoid rs2_project_color_pixel_to_depth_pixel(float*, const uint16_t*, float, float, float, const rs2_intrinsics*, const rs2_intrinsics*, const rs2_extrinsics*, const rs2_extrinsics*, const float*)[m[K’ defined but not used [[01;35m[K-Wunused-function[m[K]
 static void [01;35m[Krs2_project_color_pixel_to_depth_pixel[m[K(float to_pixel[2],
             [01;35m[K^~~~~~~~~~~~~~~~~~~~~~~~~~~~~~~~~~~~~~[m[K
[01m[K/opt/ros/melodic/include/librealsense2/rsutil.h:150:13:[m[K [01;35m[Kwarning: [m[K‘[01m[Kvoid rs2_fov(const rs2_intrinsics*, float*)[m[K’ defined but not used [[01;35m[K-Wunused-function[m[K]
 static void [01;35m[Krs2_fov[m[K(const struct rs2_intrinsics * intrin, float to_fov[2])
             [01;35m[K^~~~~~~[m[K
In file included from [01m[K/home/james/catkin_ws/src/realsense-ros/realsense2_camera/src/../include/../include/realsense_node_factory.h:12:0[m[K,
                 from [01m[K/home/james/catkin_ws/src/realsense-ros/realsense2_camera/src/../include/base_realsense_node.h:6[m[K,
                 from [01m[K/home/james/catkin_ws/src/realsense-ros/realsense2_camera/src/base_realsense_node.cpp:1[m[K:
[01m[K/opt/ros/melodic/include/librealsense2/rsutil.h:[m[K At global scope:
[01m[K/opt/ros/melodic/include/librealsense2/rsutil.h:186:13:[m[K [01;35m[Kwarning: [m[K‘[01m[Kvoid rs2_project_color_pixel_to_depth_pixel(float*, const uint16_t*, float, float, float, const rs2_intrinsics*, const rs2_intrinsics*, const rs2_extrinsics*, const rs2_extrinsics*, const float*)[m[K’ defined but not used [[01;35m[K-Wunused-function[m[K]
 static void [01;35m[Krs2_project_color_pixel_to_depth_pixel[m[K(float to_pixel[2],
             [01;35m[K^~~~~~~~~~~~~~~~~~~~~~~~~~~~~~~~~~~~~~[m[K
[01m[K/opt/ros/melodic/include/librealsense2/rsutil.h:150:13:[m[K [01;35m[Kwarning: [m[K‘[01m[Kvoid rs2_fov(const rs2_intrinsics*, float*)[m[K’ defined but not used [[01;35m[K-Wunused-function[m[K]
 static void [01;35m[Krs2_fov[m[K(const struct rs2_intrinsics * intrin, float to_fov[2])
             [01;35m[K^~~~~~~[m[K
[100%] [32m[1mLinking CXX shared library /home/james/catkin_ws/devel/.private/realsense2_camera/lib/librealsense2_camera.so[0m
[100%] Built target realsense2_camera
