Determining if the pthread_create exist failed with the following output:
Change Dir: /home/james/catkin_ws/build/catkin_tools_prebuild/CMakeFiles/CMakeTmp

Run Build Command:"/usr/bin/make" "cmTC_0eaae/fast"
/usr/bin/make -f CMakeFiles/cmTC_0eaae.dir/build.make CMakeFiles/cmTC_0eaae.dir/build
make[1]: Entering directory '/home/james/catkin_ws/build/catkin_tools_prebuild/CMakeFiles/CMakeTmp'
Building C object CMakeFiles/cmTC_0eaae.dir/CheckSymbolExists.c.o
/usr/bin/cc    -o CMakeFiles/cmTC_0eaae.dir/CheckSymbolExists.c.o   -c /home/james/catkin_ws/build/catkin_tools_prebuild/CMakeFiles/CMakeTmp/CheckSymbolExists.c
Linking C executable cmTC_0eaae
/usr/bin/cmake -E cmake_link_script CMakeFiles/cmTC_0eaae.dir/link.txt --verbose=1
/usr/bin/cc      -rdynamic CMakeFiles/cmTC_0eaae.dir/CheckSymbolExists.c.o  -o cmTC_0eaae 
CMakeFiles/cmTC_0eaae.dir/CheckSymbolExists.c.o: In function `main':
CheckSymbolExists.c:(.text+0x1b): undefined reference to `pthread_create'
collect2: error: ld returned 1 exit status
CMakeFiles/cmTC_0eaae.dir/build.make:97: recipe for target 'cmTC_0eaae' failed
make[1]: *** [cmTC_0eaae] Error 1
make[1]: Leaving directory '/home/james/catkin_ws/build/catkin_tools_prebuild/CMakeFiles/CMakeTmp'
Makefile:126: recipe for target 'cmTC_0eaae/fast' failed
make: *** [cmTC_0eaae/fast] Error 2

File /home/james/catkin_ws/build/catkin_tools_prebuild/CMakeFiles/CMakeTmp/CheckSymbolExists.c:
/* */
#include <pthread.h>

int main(int argc, char** argv)
{
  (void)argv;
#ifndef pthread_create
  return ((int*)(&pthread_create))[argc];
#else
  (void)argc;
  return 0;
#endif
}

Determining if the function pthread_create exists in the pthreads failed with the following output:
Change Dir: /home/james/catkin_ws/build/catkin_tools_prebuild/CMakeFiles/CMakeTmp

Run Build Command:"/usr/bin/make" "cmTC_3f9a7/fast"
/usr/bin/make -f CMakeFiles/cmTC_3f9a7.dir/build.make CMakeFiles/cmTC_3f9a7.dir/build
make[1]: Entering directory '/home/james/catkin_ws/build/catkin_tools_prebuild/CMakeFiles/CMakeTmp'
Building C object CMakeFiles/cmTC_3f9a7.dir/CheckFunctionExists.c.o
/usr/bin/cc   -DCHECK_FUNCTION_EXISTS=pthread_create   -o CMakeFiles/cmTC_3f9a7.dir/CheckFunctionExists.c.o   -c /usr/share/cmake-3.10/Modules/CheckFunctionExists.c
Linking C executable cmTC_3f9a7
/usr/bin/cmake -E cmake_link_script CMakeFiles/cmTC_3f9a7.dir/link.txt --verbose=1
/usr/bin/cc  -DCHECK_FUNCTION_EXISTS=pthread_create    -rdynamic CMakeFiles/cmTC_3f9a7.dir/CheckFunctionExists.c.o  -o cmTC_3f9a7 -lpthreads 
/usr/bin/ld: cannot find -lpthreads
collect2: error: ld returned 1 exit status
CMakeFiles/cmTC_3f9a7.dir/build.make:97: recipe for target 'cmTC_3f9a7' failed
make[1]: *** [cmTC_3f9a7] Error 1
make[1]: Leaving directory '/home/james/catkin_ws/build/catkin_tools_prebuild/CMakeFiles/CMakeTmp'
Makefile:126: recipe for target 'cmTC_3f9a7/fast' failed
make: *** [cmTC_3f9a7/fast] Error 2


