[  0%] Built target diagnostic_msgs_generate_messages_eus
[  0%] Built target rosgraph_msgs_generate_messages_eus
[  0%] Built target sensor_msgs_generate_messages_cpp
[  0%] Built target std_msgs_generate_messages_cpp
[  0%] Built target actionlib_msgs_generate_messages_py
[  0%] Built target geometry_msgs_generate_messages_eus
[  0%] Built target rosgraph_msgs_generate_messages_lisp
[  0%] Built target actionlib_msgs_generate_messages_lisp
[  0%] Built target nodelet_generate_messages_lisp
[  0%] Built target roscpp_generate_messages_nodejs
[  0%] Built target bond_generate_messages_lisp
[  0%] Built target std_msgs_generate_messages_nodejs
[  0%] Built target roscpp_generate_messages_eus
[  0%] Built target _realsense2_camera_generate_messages_check_deps_Extrinsics
[  0%] Built target std_msgs_generate_messages_lisp
[  0%] Built target _realsense2_camera_generate_messages_check_deps_IMUInfo
[  0%] Built target rosgraph_msgs_generate_messages_py
[  0%] Built target actionlib_msgs_generate_messages_eus
[  0%] Built target actionlib_msgs_generate_messages_nodejs
[  0%] Built target rosgraph_msgs_generate_messages_nodejs
[  0%] Built target sensor_msgs_generate_messages_eus
[  0%] Built target _catkin_empty_exported_target
[  0%] Built target roscpp_generate_messages_cpp
[  0%] Built target roscpp_generate_messages_py
[  0%] Built target rosgraph_msgs_generate_messages_cpp
[  0%] Built target actionlib_generate_messages_cpp
[  0%] Built target std_msgs_generate_messages_eus
[  0%] Built target sensor_msgs_generate_messages_nodejs
[  0%] Built target geometry_msgs_generate_messages_nodejs
[  0%] Built target geometry_msgs_generate_messages_lisp
[  0%] Built target sensor_msgs_generate_messages_lisp
[  0%] Built target nav_msgs_generate_messages_cpp
[  0%] Built target bond_generate_messages_eus
[  0%] Built target roscpp_generate_messages_lisp
[  0%] Built target nav_msgs_generate_messages_nodejs
[  0%] Built target nav_msgs_generate_messages_lisp
[  0%] Built target sensor_msgs_generate_messages_py
[  0%] Built target std_msgs_generate_messages_py
[  0%] Built target nodelet_generate_messages_py
[  0%] Built target dynamic_reconfigure_generate_messages_cpp
[  0%] Built target geometry_msgs_generate_messages_py
[  0%] Built target tf_generate_messages_py
[  0%] Built target nodelet_generate_messages_cpp
[  0%] Built target diagnostic_msgs_generate_messages_py
[  0%] Built target bond_generate_messages_py
[  0%] Built target geometry_msgs_generate_messages_cpp
[  0%] Built target nodelet_generate_messages_eus
[  0%] Built target actionlib_generate_messages_lisp
[  0%] Built target nodelet_generate_messages_nodejs
[  0%] Built target bond_generate_messages_cpp
[  0%] Built target actionlib_msgs_generate_messages_cpp
[  0%] Built target tf_generate_messages_eus
[  0%] Built target bond_generate_messages_nodejs
[  0%] Built target tf_generate_messages_lisp
[  0%] Built target tf_generate_messages_nodejs
[  0%] Built target diagnostic_msgs_generate_messages_cpp
[  0%] Built target actionlib_generate_messages_eus
[  0%] Built target tf_generate_messages_cpp
[  0%] Built target actionlib_generate_messages_nodejs
[  0%] Built target tf2_msgs_generate_messages_cpp
[  0%] Built target nav_msgs_generate_messages_eus
[  0%] Built target tf2_msgs_generate_messages_eus
[  0%] Built target tf2_msgs_generate_messages_py
[  0%] Built target actionlib_generate_messages_py
[  0%] Built target tf2_msgs_generate_messages_nodejs
[  0%] Built target dynamic_reconfigure_generate_messages_eus
[  0%] Built target diagnostic_msgs_generate_messages_lisp
[  0%] Built target dynamic_reconfigure_generate_messages_nodejs
[  0%] Built target diagnostic_msgs_generate_messages_nodejs
[  0%] Built target dynamic_reconfigure_generate_messages_py
[  0%] Built target dynamic_reconfigure_generate_messages_lisp
[  0%] Built target tf2_msgs_generate_messages_lisp
[  0%] Built target nav_msgs_generate_messages_py
[  0%] Built target dynamic_reconfigure_gencfg
[ 18%] Built target realsense2_camera_generate_messages_py
[ 31%] Built target realsense2_camera_generate_messages_nodejs
[ 43%] Built target realsense2_camera_generate_messages_cpp
[ 62%] Built target realsense2_camera_generate_messages_eus
[ 75%] Built target realsense2_camera_generate_messages_lisp
[ 75%] Built target realsense2_camera_generate_messages
[100%] Built target realsense2_camera
